[debug] [2024-06-29T11:33:20.618Z] ----------------------------------------------------------------------
[debug] [2024-06-29T11:33:20.620Z] Command:       C:\Program Files\nodejs\node.exe C:\Users\ASUS\AppData\Roaming\npm\node_modules\firebase-tools\lib\bin\firebase.js init
[debug] [2024-06-29T11:33:20.620Z] CLI Version:   13.12.0
[debug] [2024-06-29T11:33:20.621Z] Platform:      win32
[debug] [2024-06-29T11:33:20.621Z] Node Version:  v18.17.1
[debug] [2024-06-29T11:33:20.621Z] Time:          Sat Jun 29 2024 17:03:20 GMT+0530 (India Standard Time)
[debug] [2024-06-29T11:33:20.621Z] ----------------------------------------------------------------------
[debug] 
[debug] [2024-06-29T11:33:20.626Z] > command requires scopes: ["email","openid","https://www.googleapis.com/auth/cloudplatformprojects.readonly","https://www.googleapis.com/auth/firebase","https://www.googleapis.com/auth/cloud-platform"]
[debug] [2024-06-29T11:33:20.627Z] > authorizing via signed-in user (priyanshujaiswal184@gmail.com)
[info] 
     ######## #### ########  ######## ########     ###     ######  ########
     ##        ##  ##     ## ##       ##     ##  ##   ##  ##       ##
     ######    ##  ########  ######   ########  #########  ######  ######
     ##        ##  ##    ##  ##       ##     ## ##     ##       ## ##
     ##       #### ##     ## ######## ########  ##     ##  ######  ########

You're about to initialize a Firebase project in this directory:

  C:\Users\ASUS\Desktop\GmailClone

[info] 
=== Project Setup
[info] 
[info] First, let's associate this project directory with a Firebase project.
[info] You can create multiple project aliases by running firebase use --add, 
[info] but for now we'll just set up a default project.
[info] 
[debug] [2024-06-29T11:35:03.648Z] >>> [apiv2][query] GET https://firebase.googleapis.com/v1beta1/projects pageSize=100
[debug] [2024-06-29T11:35:04.543Z] <<< [apiv2][status] GET https://firebase.googleapis.com/v1beta1/projects 200
[debug] [2024-06-29T11:35:04.543Z] <<< [apiv2][body] GET https://firebase.googleapis.com/v1beta1/projects [omitted]
[info] i  Using project premailclone (PreMailClone) 
[info] 
=== Hosting Setup
[debug] [2024-06-29T11:35:11.070Z] >>> [apiv2][query] GET https://firebase.googleapis.com/v1beta1/projects/premailclone [none]
[debug] [2024-06-29T11:35:11.667Z] <<< [apiv2][status] GET https://firebase.googleapis.com/v1beta1/projects/premailclone 200
[debug] [2024-06-29T11:35:11.667Z] <<< [apiv2][body] GET https://firebase.googleapis.com/v1beta1/projects/premailclone {"projectId":"premailclone","projectNumber":"112690052553","displayName":"PreMailClone","name":"projects/premailclone","resources":{"hostingSite":"premailclone"},"state":"ACTIVE","etag":"1_e5a99709-41a3-41d2-89cc-6d973e9e6b46"}
[info] 
[info] Your public directory is the folder (relative to your project directory) that
[info] will contain Hosting assets to be uploaded with firebase deploy. If you
[info] have a build process for your assets, use your build's output directory.
[info] 
[debug] [2024-06-29T11:35:50.387Z] >>> [apiv2][query] GET https://www.gstatic.com/firebasejs/releases.json [none]
[debug] [2024-06-29T11:35:50.712Z] <<< [apiv2][status] GET https://www.gstatic.com/firebasejs/releases.json 200
[debug] [2024-06-29T11:35:50.712Z] <<< [apiv2][body] GET https://www.gstatic.com/firebasejs/releases.json {"current":{"version":"10.12.2","browserURL":"https://www.gstatic.com/firebasejs/10.12.2/firebase.js","packageURL":"https://www.gstatic.com/firebasejs/10.12.2/firebase.tgz"},"live":{"version":"10.12","browserURL":"https://www.gstatic.com/firebasejs/live/10.12/firebase.js","packageURL":"https://www.gstatic.com/firebasejs/live/10.12/firebase.tgz"},"components":{"analytics":"https://www.gstatic.com/firebasejs/10.12.2/firebase-analytics.js","app":"https://www.gstatic.com/firebasejs/10.12.2/firebase-app.js","app-check":"https://www.gstatic.com/firebasejs/10.12.2/firebase-app-check.js","auth":"https://www.gstatic.com/firebasejs/10.12.2/firebase-auth.js","auth/cordova":"https://www.gstatic.com/firebasejs/10.12.2/firebase-auth/cordova.js","auth/web-extension":"https://www.gstatic.com/firebasejs/10.12.2/firebase-auth/web-extension.js","functions":"https://www.gstatic.com/firebasejs/10.12.2/firebase-functions.js","firestore":"https://www.gstatic.com/firebasejs/10.12.2/firebase-firestore.js","firestore/lite":"https://www.gstatic.com/firebasejs/10.12.2/firebase-firestore/lite.js","installations":"https://www.gstatic.com/firebasejs/10.12.2/firebase-installations.js","storage":"https://www.gstatic.com/firebasejs/10.12.2/firebase-storage.js","performance":"https://www.gstatic.com/firebasejs/10.12.2/firebase-performance.js","remote-config":"https://www.gstatic.com/firebasejs/10.12.2/firebase-remote-config.js","messaging":"https://www.gstatic.com/firebasejs/10.12.2/firebase-messaging.js","messaging/sw":"https://www.gstatic.com/firebasejs/10.12.2/firebase-messaging/sw.js","database":"https://www.gstatic.com/firebasejs/10.12.2/firebase-database.js","vertexai-preview":"https://www.gstatic.com/firebasejs/10.12.2/firebase-vertexai-preview.js","firestore.memory":"https://www.gstatic.com/firebasejs/10.12.2/firebase-firestore.memory.js"}}
[info] +  Wrote dist/index.html 
[info] 
[info] i  Didn't detect a .git folder. Assuming C:\Users\ASUS\Desktop\GmailClone is the project root. 
[info] i  Authorizing with GitHub to upload your service account to a GitHub repository's secrets store. 
[info] 
[info] Visit this URL on this device to log in:
[info] https://github.com/login/oauth/authorize?client_id=89cf50f02ac6aaed3484&state=969288480&redirect_uri=http%3A%2F%2Flocalhost%3A9005&scope=read%3Auser%20repo%20public_repo
[info] 
[info] Waiting for authentication...
[debug] [2024-06-29T11:36:11.626Z] >>> [apiv2][query] POST https://github.com/login/oauth/access_token [none]
[debug] [2024-06-29T11:36:11.626Z] >>> [apiv2][body] POST https://github.com/login/oauth/access_token [stream]
[debug] [2024-06-29T11:36:12.215Z] <<< [apiv2][status] POST https://github.com/login/oauth/access_token 200
[debug] [2024-06-29T11:36:12.215Z] <<< [apiv2][body] POST https://github.com/login/oauth/access_token {"access_token":"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","token_type":"bearer","scope":"read:user,repo"}
[debug] [2024-06-29T11:36:12.219Z] >>> [apiv2][query] GET https://api.github.com/user [none]
[debug] [2024-06-29T11:36:12.791Z] <<< [apiv2][status] GET https://api.github.com/user 200
[debug] [2024-06-29T11:36:12.791Z] <<< [apiv2][body] GET https://api.github.com/user {"login":"Priyanshu-jais","id":138989723,"node_id":"U_kgDOCEjQmw","avatar_url":"https://avatars.githubusercontent.com/u/138989723?v=4","gravatar_id":"","url":"https://api.github.com/users/Priyanshu-jais","html_url":"https://github.com/Priyanshu-jais","followers_url":"https://api.github.com/users/Priyanshu-jais/followers","following_url":"https://api.github.com/users/Priyanshu-jais/following{/other_user}","gists_url":"https://api.github.com/users/Priyanshu-jais/gists{/gist_id}","starred_url":"https://api.github.com/users/Priyanshu-jais/starred{/owner}{/repo}","subscriptions_url":"https://api.github.com/users/Priyanshu-jais/subscriptions","organizations_url":"https://api.github.com/users/Priyanshu-jais/orgs","repos_url":"https://api.github.com/users/Priyanshu-jais/repos","events_url":"https://api.github.com/users/Priyanshu-jais/events{/privacy}","received_events_url":"https://api.github.com/users/Priyanshu-jais/received_events","type":"User","site_admin":false,"name":"PRIYANSHU JAISWAL","company":null,"blog":"","location":null,"email":null,"hireable":null,"bio":null,"twitter_username":null,"public_repos":19,"public_gists":0,"followers":1,"following":1,"created_at":"2023-07-08T13:37:45Z","updated_at":"2024-04-08T16:36:39Z","private_gists":0,"total_private_repos":0,"owned_private_repos":0,"disk_usage":14474,"collaborators":0,"two_factor_authentication":false,"plan":{"name":"free","space":976562499,"collaborators":0,"private_repos":10000}}
[info] 
[info] +  Success! Logged into GitHub as Priyanshu-jais 
[info] 
[debug] [2024-06-29T11:36:41.290Z] >>> [apiv2][query] GET https://api.github.com/repos/PreMailClone/actions/secrets/public-key type=owner
[debug] [2024-06-29T11:36:41.799Z] <<< [apiv2][status] GET https://api.github.com/repos/PreMailClone/actions/secrets/public-key 404
[debug] [2024-06-29T11:36:41.799Z] <<< [apiv2][body] GET https://api.github.com/repos/PreMailClone/actions/secrets/public-key {"message":"Not Found","documentation_url":"https://docs.github.com/rest","status":"404"}
[info] 
[info] 
[error] !  The provided authorization cannot be used with this repository. If this repository is in an organization, did you remember to grant access? 
[info] 
[info] i  Action required: Visit this URL to ensure access has been granted to the appropriate organization(s) for the Firebase CLI GitHub OAuth App: 
[info] https://github.com/settings/connections/applications/89cf50f02ac6aaed3484
[info] 
